1680532194451	geckodriver	INFO	Listening on 127.0.0.1:57652
1680532197443	mozrunner::runner	INFO	Running command: "C:\\Program Files\\Mozilla Firefox\\firefox.exe" "--marionette" "--remote-debugging-port" "57653" "-no-remote" "-profile" "S:\\Temp\\rust_mozprofilex5AmsY"
console.warn: services.settings: Ignoring preference override of remote settings server
console.warn: services.settings: Allow by setting MOZ_REMOTE_SETTINGS_DEVTOOLS=1 in the environment
1680532197740	Marionette	INFO	Marionette enabled
Dynamically enable window occlusion 0
1680532197744	Marionette	INFO	Listening on port 57659
WebDriver BiDi listening on ws://127.0.0.1:57653
1680532198037	RemoteAgent	WARN	TLS certificate errors will be ignored for this session
console.warn: SearchSettings: "get: No settings file exists, new profile?" (new NotFoundError("Could not open the file at S:\\Temp\\rust_mozprofilex5AmsY\\search.json.mozlz4", (void 0)))
DevTools listening on ws://127.0.0.1:57653/devtools/browser/a4391740-50c6-4475-bbea-bfa2e5915bb9
JavaScript error: resource:///actors/FormValidationChild.sys.mjs, line 178: TypeError: this._element is null
console.warn: LoginRecipes: "Falling back to a synchronous message for: https://www.python.org."
1680532200018	Marionette	INFO	Stopped listening on port 57659
Dynamically enable window occlusion 1
1680532832733	geckodriver	INFO	Listening on 127.0.0.1:55548
1680532835792	mozrunner::runner	INFO	Running command: "C:\\Program Files\\Mozilla Firefox\\firefox.exe" "--marionette" "--remote-debugging-port" "55549" "-no-remote" "-profile" "S:\\Temp\\rust_mozprofileQm9cmx"
console.warn: services.settings: Ignoring preference override of remote settings server
console.warn: services.settings: Allow by setting MOZ_REMOTE_SETTINGS_DEVTOOLS=1 in the environment
1680532836004	Marionette	INFO	Marionette enabled
Dynamically enable window occlusion 0
1680532836007	Marionette	INFO	Listening on port 55555
WebDriver BiDi listening on ws://127.0.0.1:55549
1680532836380	RemoteAgent	WARN	TLS certificate errors will be ignored for this session
console.warn: SearchSettings: "get: No settings file exists, new profile?" (new NotFoundError("Could not open the file at S:\\Temp\\rust_mozprofileQm9cmx\\search.json.mozlz4", (void 0)))
DevTools listening on ws://127.0.0.1:55549/devtools/browser/0e708b57-7b47-4488-9f1e-a7d54c3ba28a
console.warn: services.settings: Ignoring preference override of remote settings server
console.warn: services.settings: Allow by setting MOZ_REMOTE_SETTINGS_DEVTOOLS=1 in the environment
console.error: (new TypeError("lazy.AsyncShutdown.profileBeforeChange is undefined", "resource://services-settings/Database.jsm", 603))
console.warn: LoginRecipes: "Falling back to a synchronous message for: https://www.google.com."
1680532934142	Marionette	INFO	Stopped listening on port 55555
Dynamically enable window occlusion 1
console.warn: TopSitesFeed: Failed to fetch data from Contile server: NetworkError when attempting to fetch resource.
1680533419959	geckodriver	INFO	Listening on 127.0.0.1:55726
1680533468549	geckodriver	INFO	Listening on 127.0.0.1:55734
1680533471884	mozrunner::runner	INFO	Running command: "C:\\Program Files\\Mozilla Firefox\\firefox.exe" "--marionette" "--remote-debugging-port" "55735" "-no-remote" "-profile" "S:\\Temp\\rust_mozprofiletPTBei"
console.warn: services.settings: Ignoring preference override of remote settings server
console.warn: services.settings: Allow by setting MOZ_REMOTE_SETTINGS_DEVTOOLS=1 in the environment
1680533472189	Marionette	INFO	Marionette enabled
Dynamically enable window occlusion 0
1680533472193	Marionette	INFO	Listening on port 55740
WebDriver BiDi listening on ws://127.0.0.1:55735
1680533472672	RemoteAgent	WARN	TLS certificate errors will be ignored for this session
console.warn: SearchSettings: "get: No settings file exists, new profile?" (new NotFoundError("Could not open the file at S:\\Temp\\rust_mozprofiletPTBei\\search.json.mozlz4", (void 0)))
DevTools listening on ws://127.0.0.1:55735/devtools/browser/919fc3e8-9f03-42bd-b983-de2b22f218ea
1680533475871	Marionette	WARN	Ignoring event 'DOMContentLoaded' because document has an invalid readyState of 'complete'.
[Child 13328, MediaDecoderStateMachine #1] WARNING: Decoder=22ef4bf3a00 state=DECODING_METADATA Decode metadata failed, shutting down decoder: file /builds/worker/checkouts/gecko/dom/media/MediaDecoderStateMachine.cpp:372
[Child 13328, MediaDecoderStateMachine #1] WARNING: Decoder=22ef4bf3a00 Decode error: NS_ERROR_DOM_MEDIA_METADATA_ERR (0x806e0006) - static MP4Metadata::ResultAndByteBuffer __cdecl mozilla::MP4Metadata::Metadata(mozilla::ByteStream *): Cannot parse metadata: file /builds/worker/checkouts/gecko/dom/media/MediaDecoderStateMachineBase.cpp:164
[Child 13328, MediaDecoderStateMachine #1] WARNING: Decoder=22ef4bf4600 state=DECODING_METADATA Decode metadata failed, shutting down decoder: file /builds/worker/checkouts/gecko/dom/media/MediaDecoderStateMachine.cpp:372
[Child 13328, MediaDecoderStateMachine #1] WARNING: Decoder=22ef4bf4600 Decode error: NS_ERROR_DOM_MEDIA_METADATA_ERR (0x806e0006) - static MP4Metadata::ResultAndByteBuffer __cdecl mozilla::MP4Metadata::Metadata(mozilla::ByteStream *): Cannot parse metadata: file /builds/worker/checkouts/gecko/dom/media/MediaDecoderStateMachineBase.cpp:164
[Child 13328, MediaDecoderStateMachine #1] WARNING: Decoder=22ef4bf4000 state=DECODING_METADATA Decode metadata failed, shutting down decoder: file /builds/worker/checkouts/gecko/dom/media/MediaDecoderStateMachine.cpp:372
[Child 13328, MediaDecoderStateMachine #1] WARNING: Decoder=22ef4bf4000 Decode error: NS_ERROR_DOM_MEDIA_METADATA_ERR (0x806e0006) - static MP4Metadata::ResultAndByteBuffer __cdecl mozilla::MP4Metadata::Metadata(mozilla::ByteStream *): Cannot parse metadata: file /builds/worker/checkouts/gecko/dom/media/MediaDecoderStateMachineBase.cpp:164
console.warn: LoginRecipes: "Falling back to a synchronous message for: https://accounts.google.com."
1680533497316	Marionette	INFO	Stopped listening on port 55740
Dynamically enable window occlusion 1
console.warn: TopSitesFeed: Failed to fetch data from Contile server: NetworkError when attempting to fetch resource.
1680533691824	geckodriver	INFO	Listening on 127.0.0.1:55887
1680533694883	mozrunner::runner	INFO	Running command: "C:\\Program Files\\Mozilla Firefox\\firefox.exe" "--marionette" "--remote-debugging-port" "55888" "-no-remote" "-profile" "S:\\Temp\\rust_mozprofileKwO3hZ"
console.warn: services.settings: Ignoring preference override of remote settings server
console.warn: services.settings: Allow by setting MOZ_REMOTE_SETTINGS_DEVTOOLS=1 in the environment
1680533695083	Marionette	INFO	Marionette enabled
Dynamically enable window occlusion 0
1680533695086	Marionette	INFO	Listening on port 55893
WebDriver BiDi listening on ws://127.0.0.1:55888
1680533695479	RemoteAgent	WARN	TLS certificate errors will be ignored for this session
console.warn: SearchSettings: "get: No settings file exists, new profile?" (new NotFoundError("Could not open the file at S:\\Temp\\rust_mozprofileKwO3hZ\\search.json.mozlz4", (void 0)))
DevTools listening on ws://127.0.0.1:55888/devtools/browser/15451feb-a168-45a7-904a-74d7ad480ab3
1680533698210	Marionette	WARN	Ignoring event 'DOMContentLoaded' because document has an invalid readyState of 'complete'.
console.warn: LoginRecipes: "Falling back to a synchronous message for: https://accounts.google.com."
[Child 15128, MediaDecoderStateMachine #1] WARNING: Decoder=2214870d400 state=DECODING_METADATA Decode metadata failed, shutting down decoder: file /builds/worker/checkouts/gecko/dom/media/MediaDecoderStateMachine.cpp:372
[Child 15128, MediaDecoderStateMachine #1] WARNING: Decoder=2214870d400 Decode error: NS_ERROR_DOM_MEDIA_METADATA_ERR (0x806e0006) - static MP4Metadata::ResultAndByteBuffer __cdecl mozilla::MP4Metadata::Metadata(mozilla::ByteStream *): Cannot parse metadata: file /builds/worker/checkouts/gecko/dom/media/MediaDecoderStateMachineBase.cpp:164
JavaScript warning: https://accounts.google.com/v3/signin/identifier?dsh=S-1207611385%3A1680533706338172&continue=https%3A%2F%2Fwww.youtube.com%2Fsignin%3Faction_handle_signin%3Dtrue%26app%3Ddesktop%26hl%3Den%26next%3Dhttps%253A%252F%252Fwww.youtube.com%252F%253FthemeRefresh%253D1&ec=65620&hl=en&ifkv=AQMjQ7TCdXR5Ve1Q8PfGaqhfADYhdMxCnK4E5ts7B2xDTAPaGdXHO8gEc3fvOvnnRoaxFw4gxiCUaA&passive=true&service=youtube&uilel=3&flowName=GlifWebSignIn&flowEntry=ServiceLogin line 4 > injectedScript line 2 > eval line 642 > eval line 1 > eval line 1 > eval, line 1: WEBGL_debug_renderer_info is deprecated in Firefox and will be removed. Please use RENDERER.
console.warn: LoginRecipes: "Falling back to a synchronous message for: https://accounts.google.com."
console.warn: LoginRecipes: "Falling back to a synchronous message for: https://accounts.google.com."
1680533719996	Marionette	INFO	Stopped listening on port 55893
Dynamically enable window occlusion 1
console.warn: TopSitesFeed: Failed to fetch data from Contile server: NetworkError when attempting to fetch resource.
1680534361733	geckodriver	INFO	Listening on 127.0.0.1:56082
1680534364812	mozrunner::runner	INFO	Running command: "C:\\Program Files\\Mozilla Firefox\\firefox.exe" "--marionette" "--remote-debugging-port" "56083" "-no-remote" "-profile" "S:\\Temp\\rust_mozprofilefTErzL"
console.warn: services.settings: Ignoring preference override of remote settings server
console.warn: services.settings: Allow by setting MOZ_REMOTE_SETTINGS_DEVTOOLS=1 in the environment
1680534365022	Marionette	INFO	Marionette enabled
Dynamically enable window occlusion 0
1680534365025	Marionette	INFO	Listening on port 56088
WebDriver BiDi listening on ws://127.0.0.1:56083
1680534365403	RemoteAgent	WARN	TLS certificate errors will be ignored for this session
console.warn: SearchSettings: "get: No settings file exists, new profile?" (new NotFoundError("Could not open the file at S:\\Temp\\rust_mozprofilefTErzL\\search.json.mozlz4", (void 0)))
DevTools listening on ws://127.0.0.1:56083/devtools/browser/c0e2ff5c-0547-4f48-8165-319117421685
1680534416151	Marionette	INFO	Stopped listening on port 56088
Dynamically enable window occlusion 1
console.warn: TopSitesFeed: Failed to fetch data from Contile server: NetworkError when attempting to fetch resource.
1680534424213	geckodriver	INFO	Listening on 127.0.0.1:56136
1680534427278	mozrunner::runner	INFO	Running command: "C:\\Program Files\\Mozilla Firefox\\firefox.exe" "--marionette" "--remote-debugging-port" "56137" "-no-remote" "-profile" "S:\\Temp\\rust_mozprofilejikgPP"
console.warn: services.settings: Ignoring preference override of remote settings server
console.warn: services.settings: Allow by setting MOZ_REMOTE_SETTINGS_DEVTOOLS=1 in the environment
1680534427478	Marionette	INFO	Marionette enabled
Dynamically enable window occlusion 0
1680534427481	Marionette	INFO	Listening on port 56142
WebDriver BiDi listening on ws://127.0.0.1:56137
1680534427853	RemoteAgent	WARN	TLS certificate errors will be ignored for this session
console.warn: SearchSettings: "get: No settings file exists, new profile?" (new NotFoundError("Could not open the file at S:\\Temp\\rust_mozprofilejikgPP\\search.json.mozlz4", (void 0)))
DevTools listening on ws://127.0.0.1:56137/devtools/browser/d08b46ca-8908-4e87-ac16-9dd5f74ca54c
1680534430379	Marionette	WARN	Ignoring event 'DOMContentLoaded' because document has an invalid readyState of 'complete'.
[Child 22744, MediaDecoderStateMachine #1] WARNING: Decoder=1bc9736f400 state=DECODING_METADATA Decode metadata failed, shutting down decoder: file /builds/worker/checkouts/gecko/dom/media/MediaDecoderStateMachine.cpp:372
[Child 22744, MediaDecoderStateMachine #1] WARNING: Decoder=1bc9736f400 Decode error: NS_ERROR_DOM_MEDIA_METADATA_ERR (0x806e0006) - static MP4Metadata::ResultAndByteBuffer __cdecl mozilla::MP4Metadata::Metadata(mozilla::ByteStream *): Cannot parse metadata: file /builds/worker/checkouts/gecko/dom/media/MediaDecoderStateMachineBase.cpp:164
[Child 22744, MediaDecoderStateMachine #1] WARNING: Decoder=1bc9736db00 state=DECODING_METADATA Decode metadata failed, shutting down decoder: file /builds/worker/checkouts/gecko/dom/media/MediaDecoderStateMachine.cpp:372
[Child 22744, MediaDecoderStateMachine #1] WARNING: Decoder=1bc9736db00 Decode error: NS_ERROR_DOM_MEDIA_METADATA_ERR (0x806e0006) - static MP4Metadata::ResultAndByteBuffer __cdecl mozilla::MP4Metadata::Metadata(mozilla::ByteStream *): Cannot parse metadata: file /builds/worker/checkouts/gecko/dom/media/MediaDecoderStateMachineBase.cpp:164
[Child 22744, MediaDecoderStateMachine #1] WARNING: Decoder=1bc9730c400 state=DECODING_METADATA Decode metadata failed, shutting down decoder: file /builds/worker/checkouts/gecko/dom/media/MediaDecoderStateMachine.cpp:372
[Child 22744, MediaDecoderStateMachine #1] WARNING: Decoder=1bc9730c400 Decode error: NS_ERROR_DOM_MEDIA_METADATA_ERR (0x806e0006) - static MP4Metadata::ResultAndByteBuffer __cdecl mozilla::MP4Metadata::Metadata(mozilla::ByteStream *): Cannot parse metadata: file /builds/worker/checkouts/gecko/dom/media/MediaDecoderStateMachineBase.cpp:164
1680534479265	Marionette	INFO	Stopped listening on port 56142
Dynamically enable window occlusion 1
1680534570943	geckodriver	INFO	Listening on 127.0.0.1:56209
1680534573971	mozrunner::runner	INFO	Running command: "C:\\Program Files\\Mozilla Firefox\\firefox.exe" "--marionette" "--remote-debugging-port" "56210" "-no-remote" "-profile" "S:\\Temp\\rust_mozprofileWrkdI1"
console.warn: services.settings: Ignoring preference override of remote settings server
console.warn: services.settings: Allow by setting MOZ_REMOTE_SETTINGS_DEVTOOLS=1 in the environment
1680534574174	Marionette	INFO	Marionette enabled
Dynamically enable window occlusion 0
1680534574177	Marionette	INFO	Listening on port 56215
WebDriver BiDi listening on ws://127.0.0.1:56210
1680534574552	RemoteAgent	WARN	TLS certificate errors will be ignored for this session
console.warn: SearchSettings: "get: No settings file exists, new profile?" (new NotFoundError("Could not open the file at S:\\Temp\\rust_mozprofileWrkdI1\\search.json.mozlz4", (void 0)))
DevTools listening on ws://127.0.0.1:56210/devtools/browser/423ead0a-0bf1-4cce-bcfb-63a00c108b86
1680534577155	Marionette	WARN	Ignoring event 'DOMContentLoaded' because document has an invalid readyState of 'complete'.
[Child 4612, MediaDecoderStateMachine #1] WARNING: Decoder=19e1390c400 state=DECODING_METADATA Decode metadata failed, shutting down decoder: file /builds/worker/checkouts/gecko/dom/media/MediaDecoderStateMachine.cpp:372
[Child 4612, MediaDecoderStateMachine #1] WARNING: Decoder=19e1390c400 Decode error: NS_ERROR_DOM_MEDIA_METADATA_ERR (0x806e0006) - static MP4Metadata::ResultAndByteBuffer __cdecl mozilla::MP4Metadata::Metadata(mozilla::ByteStream *): Cannot parse metadata: file /builds/worker/checkouts/gecko/dom/media/MediaDecoderStateMachineBase.cpp:164
[Child 4612, MediaDecoderStateMachine #1] WARNING: Decoder=19e139a9900 state=DECODING_METADATA Decode metadata failed, shutting down decoder: file /builds/worker/checkouts/gecko/dom/media/MediaDecoderStateMachine.cpp:372
[Child 4612, MediaDecoderStateMachine #1] WARNING: Decoder=19e139a9900 Decode error: NS_ERROR_DOM_MEDIA_METADATA_ERR (0x806e0006) - static MP4Metadata::ResultAndByteBuffer __cdecl mozilla::MP4Metadata::Metadata(mozilla::ByteStream *): Cannot parse metadata: file /builds/worker/checkouts/gecko/dom/media/MediaDecoderStateMachineBase.cpp:164
[Child 4612, MediaDecoderStateMachine #1] WARNING: Decoder=19e139a8a00 state=DECODING_METADATA Decode metadata failed, shutting down decoder: file /builds/worker/checkouts/gecko/dom/media/MediaDecoderStateMachine.cpp:372
[Child 4612, MediaDecoderStateMachine #1] WARNING: Decoder=19e139a8a00 Decode error: NS_ERROR_DOM_MEDIA_METADATA_ERR (0x806e0006) - static MP4Metadata::ResultAndByteBuffer __cdecl mozilla::MP4Metadata::Metadata(mozilla::ByteStream *): Cannot parse metadata: file /builds/worker/checkouts/gecko/dom/media/MediaDecoderStateMachineBase.cpp:164
[Child 4612, MediaDecoderStateMachine #1] WARNING: Decoder=19e139a9300 state=DECODING_METADATA Decode metadata failed, shutting down decoder: file /builds/worker/checkouts/gecko/dom/media/MediaDecoderStateMachine.cpp:372
[Child 4612, MediaDecoderStateMachine #1] WARNING: Decoder=19e139a9300 Decode error: NS_ERROR_DOM_MEDIA_METADATA_ERR (0x806e0006) - static MP4Metadata::ResultAndByteBuffer __cdecl mozilla::MP4Metadata::Metadata(mozilla::ByteStream *): Cannot parse metadata: file /builds/worker/checkouts/gecko/dom/media/MediaDecoderStateMachineBase.cpp:164
1680534591747	Marionette	INFO	Stopped listening on port 56215
Dynamically enable window occlusion 1
console.warn: TopSitesFeed: Failed to fetch data from Contile server: NetworkError when attempting to fetch resource.
1680534594483	geckodriver	INFO	Listening on 127.0.0.1:56270
1680534597552	mozrunner::runner	INFO	Running command: "C:\\Program Files\\Mozilla Firefox\\firefox.exe" "--marionette" "--remote-debugging-port" "56271" "-no-remote" "-profile" "S:\\Temp\\rust_mozprofileos0TDk"
console.warn: services.settings: Ignoring preference override of remote settings server
console.warn: services.settings: Allow by setting MOZ_REMOTE_SETTINGS_DEVTOOLS=1 in the environment
1680534597770	Marionette	INFO	Marionette enabled
Dynamically enable window occlusion 0
1680534597773	Marionette	INFO	Listening on port 56276
WebDriver BiDi listening on ws://127.0.0.1:56271
1680534598140	RemoteAgent	WARN	TLS certificate errors will be ignored for this session
console.warn: SearchSettings: "get: No settings file exists, new profile?" (new NotFoundError("Could not open the file at S:\\Temp\\rust_mozprofileos0TDk\\search.json.mozlz4", (void 0)))
DevTools listening on ws://127.0.0.1:56271/devtools/browser/d1db44be-4001-4218-9fac-d673127253ac
1680534600549	Marionette	WARN	Ignoring event 'DOMContentLoaded' because document has an invalid readyState of 'complete'.
[Child 16296, MediaDecoderStateMachine #1] WARNING: Decoder=2e8107b0400 state=DECODING_METADATA Decode metadata failed, shutting down decoder: file /builds/worker/checkouts/gecko/dom/media/MediaDecoderStateMachine.cpp:372
[Child 16296, MediaDecoderStateMachine #1] WARNING: Decoder=2e8107b0400 Decode error: NS_ERROR_DOM_MEDIA_METADATA_ERR (0x806e0006) - static MP4Metadata::ResultAndByteBuffer __cdecl mozilla::MP4Metadata::Metadata(mozilla::ByteStream *): Cannot parse metadata: file /builds/worker/checkouts/gecko/dom/media/MediaDecoderStateMachineBase.cpp:164
1680534629956	Marionette	INFO	Stopped listening on port 56276
Dynamically enable window occlusion 1
console.warn: TopSitesFeed: Failed to fetch data from Contile server: NetworkError when attempting to fetch resource.
1680535024918	geckodriver	INFO	Listening on 127.0.0.1:64449
1680535027958	mozrunner::runner	INFO	Running command: "C:\\Program Files\\Mozilla Firefox\\firefox.exe" "--marionette" "--remote-debugging-port" "64450" "-no-remote" "-profile" "S:\\Temp\\rust_mozprofile4WzEZ6"
console.warn: services.settings: Ignoring preference override of remote settings server
console.warn: services.settings: Allow by setting MOZ_REMOTE_SETTINGS_DEVTOOLS=1 in the environment
1680535028154	Marionette	INFO	Marionette enabled
Dynamically enable window occlusion 0
1680535028157	Marionette	INFO	Listening on port 64455
WebDriver BiDi listening on ws://127.0.0.1:64450
1680535028562	RemoteAgent	WARN	TLS certificate errors will be ignored for this session
console.warn: SearchSettings: "get: No settings file exists, new profile?" (new NotFoundError("Could not open the file at S:\\Temp\\rust_mozprofile4WzEZ6\\search.json.mozlz4", (void 0)))
DevTools listening on ws://127.0.0.1:64450/devtools/browser/d4663d95-544a-416d-9e59-e035d9519062
1680535031072	Marionette	WARN	Ignoring event 'DOMContentLoaded' because document has an invalid readyState of 'complete'.
[Child 3968, MediaDecoderStateMachine #1] WARNING: Decoder=1d54c9d0100 state=DECODING_METADATA Decode metadata failed, shutting down decoder: file /builds/worker/checkouts/gecko/dom/media/MediaDecoderStateMachine.cpp:372
[Child 3968, MediaDecoderStateMachine #1] WARNING: Decoder=1d54c9d0100 Decode error: NS_ERROR_DOM_MEDIA_METADATA_ERR (0x806e0006) - static MP4Metadata::ResultAndByteBuffer __cdecl mozilla::MP4Metadata::Metadata(mozilla::ByteStream *): Cannot parse metadata: file /builds/worker/checkouts/gecko/dom/media/MediaDecoderStateMachineBase.cpp:164
1680535246347	Marionette	INFO	Stopped listening on port 64455
Dynamically enable window occlusion 1
console.warn: TopSitesFeed: Failed to fetch data from Contile server: NetworkError when attempting to fetch resource.
